{
  "stats": {
    "suites": 1,
    "tests": 2,
    "passes": 1,
    "pending": 0,
    "failures": 1,
    "start": "2023-07-13T17:25:01.882Z",
    "end": "2023-07-13T17:25:15.642Z",
    "duration": 13760,
    "testsRegistered": 2,
    "passPercent": 50,
    "pendingPercent": 0,
    "other": 0,
    "hasOther": false,
    "skipped": 0,
    "hasSkipped": false
  },
  "results": [
    {
      "uuid": "9921e4fe-a523-477b-85db-41180af54d3b",
      "title": "",
      "fullFile": "cypress\\e2e\\login.cy.js",
      "file": "cypress\\e2e\\login.cy.js",
      "beforeHooks": [],
      "afterHooks": [],
      "tests": [],
      "suites": [
        {
          "uuid": "7e3c7e35-3336-4496-b3d4-dad43d843503",
          "title": "Azure Bookcart application Login",
          "fullFile": "",
          "file": "",
          "beforeHooks": [],
          "afterHooks": [],
          "tests": [
            {
              "title": "Login Should not be Success",
              "fullTitle": "Azure Bookcart application Login Login Should not be Success",
              "timedOut": null,
              "duration": 7266,
              "state": "passed",
              "speed": "medium",
              "pass": true,
              "fail": false,
              "pending": false,
              "context": "{\n  \"title\": \"cypress-mochawesome-reporter-videos-passed\",\n  \"value\": \"cypress\\\\e2e\\\\login.cy.js\"\n}",
              "code": "cy.fixture(\"example\").then(data => {\n  cy.visit(data.baseUrl);\n  const pomManager = new _POMManager.default(); //create object for pomManager\n  pomManager.homePage.clickLoginButton(); // Click on Login Link\n  pomManager.loginPage.setUserName(data.incorrectUsername); //Enter incorrect Credentials\n  pomManager.loginPage.setPassword(data.incorrectPassword);\n  pomManager.loginPage.clickSubmit(); //Click on Submit Button\n  pomManager.loginPage.verifyAlertMessage().should('have.text', data.invalidCreds); //Assertion, if it contains this text or not?\n});",
              "err": {},
              "uuid": "ab1b28df-784a-417e-97c8-7a9aee9e3516",
              "parentUUID": "7e3c7e35-3336-4496-b3d4-dad43d843503",
              "isHook": false,
              "skipped": false
            },
            {
              "title": "Login Should be Success",
              "fullTitle": "Azure Bookcart application Login Login Should be Success",
              "timedOut": null,
              "duration": 765,
              "state": "failed",
              "speed": null,
              "pass": false,
              "fail": true,
              "pending": false,
              "context": "[\n  {\n    \"title\": \"cypress-mochawesome-reporter-videos-failed\",\n    \"value\": \"cypress\\\\e2e\\\\login.cy.js\"\n  },\n  {\n    \"title\": \"cypress-mochawesome-reporter-screenshots\",\n    \"value\": [\n      [\n        \"\\\\login.cy.js\\\\Azure Bookcart application Login -- Login Should be Success (failed).png\"\n      ]\n    ]\n  }\n]",
              "code": "cy.fixture(\"example\").then(data => {\n  cy.visit(data.baseUrl);\n  const pomManager = new _POMManager.default(); //create object for pomManager\n  pomManager.homepage.clickLoginButton(); // Click on Login Link\n  pomManager.loginPage.setUserName(data.username); //Enter incorrect Credentials\n  pomManager.loginPage.setPassword(data.password);\n  pomManager.loginPage.clickSubmit(); //Click on Submit Button\n  pomManager.homepage.accountCircle().should('have.text', data.accountCircleText); //Assertion, if it contains this text or not?\n});",
              "err": {
                "message": "TypeError: Cannot read properties of undefined (reading 'clickLoginButton')",
                "estack": "TypeError: Cannot read properties of undefined (reading 'clickLoginButton')\n    at Context.eval (webpack:///./cypress/e2e/login.cy.js:33:26)",
                "diff": null
              },
              "uuid": "72734096-769d-472d-99f6-c4aa81f687a7",
              "parentUUID": "7e3c7e35-3336-4496-b3d4-dad43d843503",
              "isHook": false,
              "skipped": false
            }
          ],
          "suites": [],
          "passes": [
            "ab1b28df-784a-417e-97c8-7a9aee9e3516"
          ],
          "failures": [
            "72734096-769d-472d-99f6-c4aa81f687a7"
          ],
          "pending": [],
          "skipped": [],
          "duration": 8031,
          "root": false,
          "rootEmpty": false,
          "_timeout": 2000
        }
      ],
      "passes": [],
      "failures": [],
      "pending": [],
      "skipped": [],
      "duration": 0,
      "root": true,
      "rootEmpty": true,
      "_timeout": 2000
    }
  ],
  "meta": {
    "mocha": {
      "version": "7.0.1"
    },
    "mochawesome": {
      "options": {
        "quiet": false,
        "reportFilename": "mochawesome",
        "saveHtml": true,
        "saveJson": true,
        "consoleReporter": "spec",
        "useInlineDiffs": false,
        "code": true
      },
      "version": "7.1.3"
    },
    "marge": {
      "options": null,
      "version": "6.2.0"
    }
  }
}