{
  "stats": {
    "suites": 1,
    "tests": 1,
    "passes": 1,
    "pending": 0,
    "failures": 0,
    "start": "2023-07-08T13:47:53.610Z",
    "end": "2023-07-08T13:48:03.580Z",
    "duration": 9970,
    "testsRegistered": 1,
    "passPercent": 100,
    "pendingPercent": 0,
    "other": 0,
    "hasOther": false,
    "skipped": 0,
    "hasSkipped": false
  },
  "results": [
    {
      "uuid": "4dce5599-ca45-4299-9228-787ab55a4390",
      "title": "",
      "fullFile": "cypress\\e2e\\Registration.cy.js",
      "file": "cypress\\e2e\\Registration.cy.js",
      "beforeHooks": [],
      "afterHooks": [],
      "tests": [],
      "suites": [
        {
          "uuid": "29ea1264-cfdb-425a-be13-c1b42989c6c8",
          "title": "Azure Bookcart Registration",
          "fullFile": "",
          "file": "",
          "beforeHooks": [],
          "afterHooks": [],
          "tests": [
            {
              "title": "Register a new User",
              "fullTitle": "Azure Bookcart Registration Register a new User",
              "timedOut": null,
              "duration": 6980,
              "state": "passed",
              "speed": "medium",
              "pass": true,
              "fail": false,
              "pending": false,
              "context": "{\n  \"title\": \"cypress-mochawesome-reporter-videos-passed\",\n  \"value\": \"cypress\\\\e2e\\\\Registration.cy.js\"\n}",
              "code": "cy.fixture(\"example\").then(data => {\n  cy.visit(data.baseUrl);\n  const login = new _LoginPage.default(); //create object for login\n  const homepage = new _HomePage.default(); //create object for homepage\n  const registration = new _UserRegistrationPage.default();\n  const timestamp = new Date();\n  homepage.clickLoginButton(); // Click on Login Link\n  login.clickOnRegister();\n  registration.verifyUserRegistration().should('have.text', 'User Registration'); //Assertion, if it contains this text or not?\n  registration.enterFirstName(data.firstName);\n  registration.enterLastName(data.lastName);\n  registration.enterUserName(\"Qualtitech\" + timestamp.getMilliseconds() + timestamp.getMinutes());\n  registration.enterPassword(data.password);\n  registration.enterConfirmPassword(data.password);\n  registration.selectMaleRadioBtn();\n  registration.selectFemaleRadioBtn();\n  registration.selectMaleRadioBtn();\n  registration.clickOnRegister();\n  login.verifyLogin().should('have.text', 'Login');\n});",
              "err": {},
              "uuid": "8d93daf0-10a9-4dd8-87ea-9e0bf13e70ee",
              "parentUUID": "29ea1264-cfdb-425a-be13-c1b42989c6c8",
              "isHook": false,
              "skipped": false
            }
          ],
          "suites": [],
          "passes": [
            "8d93daf0-10a9-4dd8-87ea-9e0bf13e70ee"
          ],
          "failures": [],
          "pending": [],
          "skipped": [],
          "duration": 6980,
          "root": false,
          "rootEmpty": false,
          "_timeout": 2000
        }
      ],
      "passes": [],
      "failures": [],
      "pending": [],
      "skipped": [],
      "duration": 0,
      "root": true,
      "rootEmpty": true,
      "_timeout": 2000
    }
  ],
  "meta": {
    "mocha": {
      "version": "7.0.1"
    },
    "mochawesome": {
      "options": {
        "quiet": false,
        "reportFilename": "mochawesome",
        "saveHtml": true,
        "saveJson": true,
        "consoleReporter": "spec",
        "useInlineDiffs": false,
        "code": true
      },
      "version": "7.1.3"
    },
    "marge": {
      "options": null,
      "version": "6.2.0"
    }
  }
}